# JRE version: OpenJDK Runtime Environment (21.0.6) (build 21.0.6+-13391695-b895.109)
# Java VM: OpenJDK 64-Bit Server VM (21.0.6+-13391695-b895.109, mixed mode, tiered, compressed oops, compressed class ptrs, g1 gc, windows-amd64)
GC Precious Log:
 CardTable entry size: 512
 Card Set container configuration: InlinePtr #cards 5 size 8 Array Of Cards #cards 12 size 40 Howl #buckets 4 coarsen threshold 1843 Howl Bitmap #cards 512 size 80 coarsen threshold 460 Card regions per heap region 1 cards per card region 2048
 CPUs: 16 total, 16 available
 Memory: 16114M
 Large Page Support: Disabled
 NUMA Support: Disabled
 Compressed Oops: Enabled (32-bit)
 Heap Region Size: 1M
 Heap Min Capacity: 8M
 Heap Initial Capacity: 252M
 Heap Max Capacity: 2G
 Pre-touch: Disabled
 Parallel Workers: 13
 Concurrent Workers: 3
 Concurrent Refinement Workers: 13
 Periodic GC: Disabled
Heap:
 garbage-first heap   total 399360K, used 255908K [0x0000000080000000, 0x0000000100000000)
  region size 1024K, 7 young (7168K), 7 survivors (7168K)
 Metaspace       used 162153K, committed 164608K, reserved 1245184K
  class space    used 20400K, committed 21632K, reserved 1048576K
GC Heap History (20 events):
Event: 15.649 GC heap after
{Heap after GC invocations=41 (full 0):
 garbage-first heap   total 239616K, used 151875K [0x0000000080000000, 0x0000000100000000)
  region size 1024K, 6 young (6144K), 6 survivors (6144K)
 Metaspace       used 131903K, committed 134144K, reserved 1179648K
  class space    used 16727K, committed 17856K, reserved 1048576K
}
Event: 16.224 GC heap before
{Heap before GC invocations=42 (full 0):
 garbage-first heap   total 256000K, used 220483K [0x0000000080000000, 0x0000000100000000)
  region size 1024K, 72 young (73728K), 6 survivors (6144K)
 Metaspace       used 133311K, committed 135552K, reserved 1179648K
  class space    used 16814K, committed 17920K, reserved 1048576K
}
Event: 16.231 GC heap after
{Heap after GC invocations=43 (full 0):
 garbage-first heap   total 256000K, used 158425K [0x0000000080000000, 0x0000000100000000)
  region size 1024K, 9 young (9216K), 9 survivors (9216K)
 Metaspace       used 133311K, committed 135552K, reserved 1179648K
  class space    used 16814K, committed 17920K, reserved 1048576K
}
Event: 17.269 GC heap before
{Heap before GC invocations=43 (full 0):
 garbage-first heap   total 256000K, used 232153K [0x0000000080000000, 0x0000000100000000)
  region size 1024K, 82 young (83968K), 9 survivors (9216K)
 Metaspace       used 143782K, committed 146112K, reserved 1179648K
  class space    used 18182K, committed 19328K, reserved 1048576K
}
Event: 17.279 GC heap after
{Heap after GC invocations=44 (full 0):
 garbage-first heap   total 256000K, used 166610K [0x0000000080000000, 0x0000000100000000)
  region size 1024K, 11 young (11264K), 11 survivors (11264K)
 Metaspace       used 143782K, committed 146112K, reserved 1179648K
  class space    used 18182K, committed 19328K, reserved 1048576K
}
Event: 18.301 GC heap before
{Heap before GC invocations=44 (full 0):
 garbage-first heap   total 256000K, used 230098K [0x0000000080000000, 0x0000000100000000)
  region size 1024K, 74 young (75776K), 11 survivors (11264K)
 Metaspace       used 151217K, committed 153600K, reserved 1245184K
  class space    used 19172K, committed 20352K, reserved 1048576K
}
Event: 18.307 GC heap after
{Heap after GC invocations=45 (full 0):
 garbage-first heap   total 256000K, used 171251K [0x0000000080000000, 0x0000000100000000)
  region size 1024K, 5 young (5120K), 5 survivors (5120K)
 Metaspace       used 151217K, committed 153600K, reserved 1245184K
  class space    used 19172K, committed 20352K, reserved 1048576K
}
Event: 18.656 GC heap before
{Heap before GC invocations=46 (full 0):
 garbage-first heap   total 286720K, used 236787K [0x0000000080000000, 0x0000000100000000)
  region size 1024K, 68 young (69632K), 5 survivors (5120K)
 Metaspace       used 151421K, committed 153792K, reserved 1245184K
  class space    used 19183K, committed 20352K, reserved 1048576K
}
Event: 18.662 GC heap after
{Heap after GC invocations=47 (full 0):
 garbage-first heap   total 286720K, used 177152K [0x0000000080000000, 0x0000000100000000)
  region size 1024K, 9 young (9216K), 9 survivors (9216K)
 Metaspace       used 151421K, committed 153792K, reserved 1245184K
  class space    used 19183K, committed 20352K, reserved 1048576K
}
Event: 21.097 GC heap before
{Heap before GC invocations=47 (full 0):
 garbage-first heap   total 286720K, used 262144K [0x0000000080000000, 0x0000000100000000)
  region size 1024K, 93 young (95232K), 9 survivors (9216K)
 Metaspace       used 160748K, committed 163200K, reserved 1245184K
  class space    used 20270K, committed 21504K, reserved 1048576K
}
Event: 21.107 GC heap after
{Heap after GC invocations=48 (full 0):
 garbage-first heap   total 286720K, used 185214K [0x0000000080000000, 0x0000000100000000)
  region size 1024K, 12 young (12288K), 12 survivors (12288K)
 Metaspace       used 160748K, committed 163200K, reserved 1245184K
  class space    used 20270K, committed 21504K, reserved 1048576K
}
Event: 21.415 GC heap before
{Heap before GC invocations=48 (full 0):
 garbage-first heap   total 286720K, used 258942K [0x0000000080000000, 0x0000000100000000)
  region size 1024K, 85 young (87040K), 12 survivors (12288K)
 Metaspace       used 161317K, committed 163776K, reserved 1245184K
  class space    used 20319K, committed 21568K, reserved 1048576K
}
Event: 21.425 GC heap after
{Heap after GC invocations=49 (full 0):
 garbage-first heap   total 286720K, used 194560K [0x0000000080000000, 0x0000000100000000)
  region size 1024K, 11 young (11264K), 11 survivors (11264K)
 Metaspace       used 161317K, committed 163776K, reserved 1245184K
  class space    used 20319K, committed 21568K, reserved 1048576K
}
Event: 21.706 GC heap before
{Heap before GC invocations=50 (full 0):
 garbage-first heap   total 322560K, used 258048K [0x0000000080000000, 0x0000000100000000)
  region size 1024K, 73 young (74752K), 11 survivors (11264K)
 Metaspace       used 161355K, committed 163776K, reserved 1245184K
  class space    used 20332K, committed 21568K, reserved 1048576K
}
Event: 21.723 GC heap after
{Heap after GC invocations=51 (full 0):
 garbage-first heap   total 322560K, used 217047K [0x0000000080000000, 0x0000000100000000)
  region size 1024K, 10 young (10240K), 10 survivors (10240K)
 Metaspace       used 161355K, committed 163776K, reserved 1245184K
  class space    used 20332K, committed 21568K, reserved 1048576K
}
Event: 21.870 GC heap before
{Heap before GC invocations=51 (full 0):
 garbage-first heap   total 322560K, used 282583K [0x0000000080000000, 0x0000000100000000)
  region size 1024K, 75 young (76800K), 10 survivors (10240K)
 Metaspace       used 161480K, committed 163904K, reserved 1245184K
  class space    used 20334K, committed 21568K, reserved 1048576K
}
Event: 21.890 GC heap after
{Heap after GC invocations=52 (full 0):
 garbage-first heap   total 322560K, used 224256K [0x0000000080000000, 0x0000000100000000)
  region size 1024K, 10 young (10240K), 10 survivors (10240K)
 Metaspace       used 161480K, committed 163904K, reserved 1245184K
  class space    used 20334K, committed 21568K, reserved 1048576K
}
Event: 21.987 GC heap before
{Heap before GC invocations=52 (full 0):
 garbage-first heap   total 322560K, used 259072K [0x0000000080000000, 0x0000000100000000)
  region size 1024K, 46 young (47104K), 10 survivors (10240K)
 Metaspace       used 161737K, committed 164160K, reserved 1245184K
  class space    used 20358K, committed 21568K, reserved 1048576K
}
Event: 22.000 GC heap after
{Heap after GC invocations=53 (full 0):
 garbage-first heap   total 322560K, used 239602K [0x0000000080000000, 0x0000000100000000)
  region size 1024K, 9 young (9216K), 9 survivors (9216K)
 Metaspace       used 161737K, committed 164160K, reserved 1245184K
  class space    used 20358K, committed 21568K, reserved 1048576K
}
Event: 22.220 GC heap before
{Heap before GC invocations=53 (full 0):
 garbage-first heap   total 399360K, used 287730K [0x0000000080000000, 0x0000000100000000)
  region size 1024K, 55 young (56320K), 9 survivors (9216K)
 Metaspace       used 162153K, committed 164608K, reserved 1245184K
  class space    used 20400K, committed 21632K, reserved 1048576K
}

